<?xml version="1.0" encoding="UTF-8"?>
<!-- Generated by org.testng.reporters.JUnitReportReporter -->
<testsuite hostname="Narmutest" failures="0" tests="1" name="flipkart.Test01_Test" time="6.628" errors="0" timestamp="2024-02-20T19:20:12 UTC" skipped="0">
  <testcase classname="flipkart.Test01_Test" name="grocery" time="6.628"/>
  <system-out/>
</testsuite> <!-- flipkart.Test01_Test -->
