<?xml version="1.0" encoding="UTF-8"?>
<!-- Generated by org.testng.reporters.JUnitReportReporter -->
<testsuite hostname="Narmutest" failures="0" tests="1" name="common.DemoWebShop_Test" time="6.582" errors="0" timestamp="2024-02-22T11:26:09 UTC" skipped="0">
  <testcase classname="common.DemoWebShop_Test" name="launch" time="6.582"/>
  <system-out/>
</testsuite> <!-- common.DemoWebShop_Test -->
