<?xml version="1.0" encoding="UTF-8"?>
<!-- Generated by org.testng.reporters.JUnitReportReporter -->
<testsuite hostname="Narmutest" failures="0" tests="1" name="beauty.Purplle_Test" time="9.776" errors="0" timestamp="2024-02-22T11:16:57 UTC" skipped="0">
  <testcase classname="beauty.Purplle_Test" name="launch" time="9.776"/>
  <system-out/>
</testsuite> <!-- beauty.Purplle_Test -->
