<?xml version="1.0" encoding="UTF-8"?>
<!-- Generated by org.testng.reporters.JUnitReportReporter -->
<testsuite hostname="Narmutest" failures="0" tests="1" name="common.MakeMyTrip_Test" time="6.919" errors="0" timestamp="2024-02-22T11:26:09 UTC" skipped="0">
  <testcase classname="common.MakeMyTrip_Test" name="launch" time="6.919"/>
  <system-out/>
</testsuite> <!-- common.MakeMyTrip_Test -->
