<?xml version="1.0" encoding="UTF-8"?>
<!-- Generated by org.testng.reporters.JUnitReportReporter -->
<testsuite hostname="Narmutest" failures="0" tests="1" name="beauty.Maybelline_Test" time="7.920" errors="0" timestamp="2024-02-22T11:16:57 UTC" skipped="0">
  <testcase classname="beauty.Maybelline_Test" name="launch" time="7.920"/>
  <system-out/>
</testsuite> <!-- beauty.Maybelline_Test -->
