<?xml version="1.0" encoding="UTF-8"?>
<!-- Generated by org.testng.reporters.JUnitReportReporter -->
<testsuite hostname="Narmutest" failures="0" tests="1" name="beauty.Lakme_Test" time="11.954" errors="0" timestamp="2024-02-22T11:16:57 UTC" skipped="0">
  <testcase classname="beauty.Lakme_Test" name="launch" time="11.954"/>
  <system-out/>
</testsuite> <!-- beauty.Lakme_Test -->
