<?xml version="1.0" encoding="UTF-8"?>
<!-- Generated by org.testng.reporters.JUnitReportReporter -->
<testsuite hostname="Narmutest" failures="0" tests="1" name="flipkart.Test02_Test" time="14.445" errors="0" timestamp="2024-02-21T11:31:27 UTC" skipped="0">
  <testcase classname="flipkart.Test02_Test" name="fashion" time="14.445"/>
  <system-out>
Listener Started TestCase execution Passed  </system-out>
</testsuite> <!-- flipkart.Test02_Test -->
