<?xml version="1.0" encoding="UTF-8"?>
<!-- Generated by org.testng.reporters.JUnitReportReporter -->
<testsuite hostname="Narmutest" failures="0" tests="1" name="flipkart.Test01_Test" time="12.712" errors="0" timestamp="2024-02-20T19:33:03 UTC" skipped="0">
  <testcase classname="flipkart.Test01_Test" name="grocery" time="12.712"/>
  <system-out>
test printatta test printrice test printsugar  </system-out>
</testsuite> <!-- flipkart.Test01_Test -->
