<?xml version="1.0" encoding="UTF-8"?>
<!-- Generated by org.testng.reporters.JUnitReportReporter -->
<testsuite hostname="Narmutest" failures="0" tests="1" name="smoke.TestScript_01_Test" time="13.782" errors="0" timestamp="2024-02-19T11:14:47 UTC" skipped="0">
  <testcase classname="smoke.TestScript_01_Test" name="launch" time="13.782"/>
  <system-out/>
</testsuite> <!-- smoke.TestScript_01_Test -->
