<?xml version="1.0" encoding="UTF-8"?>
<!-- Generated by org.testng.reporters.JUnitReportReporter -->
<testsuite hostname="Narmutest" failures="0" tests="1" name="ChildClass1_Test" time="0.009" errors="0" timestamp="2024-02-20T19:11:04 UTC" skipped="0">
  <testcase classname="ChildClass1_Test" name="hello" time="0.009"/>
  <system-out>
Hello  </system-out>
</testsuite> <!-- ChildClass1_Test -->
